#
# There is insufficient memory for the Java Runtime Environment to continue.
# Native memory allocation (malloc) failed to allocate 1123056 bytes for Chunk::new
# Possible reasons:
#   The system is out of physical RAM or swap space
#   The process is running with CompressedOops enabled, and the Java Heap may be blocking the growth of the native heap
# Possible solutions:
#   Reduce memory load on the system
#   Increase physical memory or swap space
#   Check if swap backing store is full
#   Decrease Java heap size (-Xmx/-Xms)
#   Decrease number of Java threads
#   Decrease Java thread stack sizes (-Xss)
#   Set larger code cache with -XX:ReservedCodeCacheSize=
#   JVM is running with Unscaled Compressed Oops mode in which the Java heap is
#     placed in the first 4GB address space. The Java Heap base address is the
#     maximum limit for the native heap growth. Please use -XX:HeapBaseMinAddress
#     to set the Java Heap base and to place the Java Heap above 4GB virtual address.
# This output file may be truncated or incomplete.
#
#  Out of Memory Error (arena.cpp:168), pid=23560, tid=7680
#
# JRE version: Java(TM) SE Runtime Environment (21.0.8+12) (build 21.0.8+12-LTS-250)
# Java VM: Java HotSpot(TM) 64-Bit Server VM (21.0.8+12-LTS-250, mixed mode, sharing, tiered, compressed oops, compressed class ptrs, parallel gc, windows-amd64)
# No core dump will be written. Minidumps are not enabled by default on client versions of Windows
#

---------------  S U M M A R Y ------------

Command Line: --add-opens=java.base/java.lang=ALL-UNNAMED --add-opens=java.base/java.lang.invoke=ALL-UNNAMED --add-opens=java.base/java.util=ALL-UNNAMED --add-opens=java.prefs/java.util.prefs=ALL-UNNAMED --add-exports=jdk.compiler/com.sun.tools.javac.api=ALL-UNNAMED --add-exports=jdk.compiler/com.sun.tools.javac.util=ALL-UNNAMED --add-opens=java.base/java.util=ALL-UNNAMED --add-opens=java.prefs/java.util.prefs=ALL-UNNAMED --add-opens=java.base/java.nio.charset=ALL-UNNAMED --add-opens=java.base/java.net=ALL-UNNAMED --add-opens=java.base/java.util.concurrent.atomic=ALL-UNNAMED --add-opens=java.xml/javax.xml.namespace=ALL-UNNAMED -XX:MaxMetaspaceSize=512m -XX:+UseParallelGC --add-exports=jdk.compiler/com.sun.tools.javac.api=ALL-UNNAMED --add-exports=jdk.compiler/com.sun.tools.javac.file=ALL-UNNAMED --add-exports=jdk.compiler/com.sun.tools.javac.parser=ALL-UNNAMED --add-exports=jdk.compiler/com.sun.tools.javac.tree=ALL-UNNAMED --add-exports=jdk.compiler/com.sun.tools.javac.util=ALL-UNNAMED --add-exports=java.naming/com.sun.jndi.ldap=ALL-UNNAMED --add-opens=java.base/java.lang=ALL-UNNAMED --add-opens=java.base/java.lang.invoke=ALL-UNNAMED --add-opens=java.base/java.io=ALL-UNNAMED --add-opens=java.base/java.security=ALL-UNNAMED --add-opens=java.base/java.util=ALL-UNNAMED --add-opens=java.management/javax.management=ALL-UNNAMED --add-opens=java.naming/javax.naming=ALL-UNNAMED --add-opens=java.rmi/sun.rmi.transport=ALL-UNNAMED -Xms1g -Xmx2g -Dfile.encoding=UTF-8 -Duser.country=IN -Duser.language=en -Duser.variant -javaagent:C:\Users\hp\.gradle\wrapper\dists\gradle-8.14.3-bin\cv11ve7ro1n3o1j4so8xd9n66\gradle-8.14.3\lib\agents\gradle-instrumentation-agent-8.14.3.jar org.gradle.launcher.daemon.bootstrap.GradleDaemon 8.14.3

Host: 12th Gen Intel(R) Core(TM) i3-1215U, 8 cores, 7G,  Windows 11 , 64 bit Build 26100 (10.0.26100.7019)
Time: Tue Dec  2 02:11:06 2025 India Standard Time elapsed time: 182.675216 seconds (0d 0h 3m 2s)

---------------  T H R E A D  ---------------

Current thread (0x00000274184d2ea0):  JavaThread "C2 CompilerThread0" daemon [_thread_in_native, id=7680, stack(0x000000bb32800000,0x000000bb32900000) (1024K)]


Current CompileTask:
C2: 182675 29626   !   4       org.gradle.api.internal.artifacts.ivyservice.resolveengine.graph.builder.EdgeState::calculateTargetNodes (473 bytes)

Stack: [0x000000bb32800000,0x000000bb32900000]
Native frames: (J=compiled Java code, j=interpreted, Vv=VM code, C=native code)
V  [jvm.dll+0x6cc179]
V  [jvm.dll+0x8584c1]
V  [jvm.dll+0x85a9ee]
V  [jvm.dll+0x85b0c3]
V  [jvm.dll+0x27ebf6]
V  [jvm.dll+0xc4f4d]
V  [jvm.dll+0xc5483]
V  [jvm.dll+0x3b6a82]
V  [jvm.dll+0x382a35]
V  [jvm.dll+0x381eaa]
V  [jvm.dll+0x247670]
V  [jvm.dll+0x246c4f]
V  [jvm.dll+0x1c7a3e]
V  [jvm.dll+0x256359]
V  [jvm.dll+0x2548ea]
V  [jvm.dll+0x3efef6]
V  [jvm.dll+0x80279b]
V  [jvm.dll+0x6ca85d]
C  [ucrtbase.dll+0x37b0]
C  [KERNEL32.DLL+0x2e8d7]
C  [ntdll.dll+0x8c53c]


---------------  P R O C E S S  ---------------

Threads class SMR info:
_java_thread_list=0x0000027456fc0b50, length=64, elements={
0x000002741628cfd0, 0x00000274184b4050, 0x00000274184b7270, 0x00000274184bf870,
0x00000274184c0620, 0x00000274184c2420, 0x00000274184c6270, 0x00000274184d2ea0,
0x00000274184d94d0, 0x00000274185b7310, 0x0000027450ddd930, 0x0000027456729750,
0x00000274567ef0f0, 0x00000274566cc960, 0x00000274566fd040, 0x000002745667d9b0,
0x00000274566926f0, 0x00000274566aa4f0, 0x0000027456744fe0, 0x000002745674a590,
0x0000027456749f00, 0x000002745674bfd0, 0x000002745674ac20, 0x000002745674b2b0,
0x000002745674c660, 0x000002745674b940, 0x000002745674ccf0, 0x00000274594e4a00,
0x00000274594e5720, 0x00000274594e5090, 0x00000274594e7160, 0x00000274594e6440,
0x00000274594e4370, 0x00000274594e3ce0, 0x00000274594e7e80, 0x00000274594e8ba0,
0x00000274594e5db0, 0x00000274594e98c0, 0x00000274594e9f50, 0x00000274594eac70,
0x0000027458435c10, 0x00000274584362a0, 0x0000027458435580, 0x0000027458436fc0,
0x0000027458438370, 0x0000027458437650, 0x0000027458437ce0, 0x0000027458434ef0,
0x000002745843aad0, 0x0000027458439720, 0x000002745843c510, 0x00000274569cf8b0,
0x00000274569cde70, 0x00000274569ccac0, 0x00000274569cff40, 0x00000274569d3a50,
0x00000274569d0c60, 0x00000274569d12f0, 0x00000274569d2010, 0x000002745a471ec0,
0x000002745a473900, 0x000002745a476060, 0x000002745a474cb0, 0x000002745ac88180
}

Java Threads: ( => current thread )
  0x000002741628cfd0 JavaThread "main"                              [_thread_blocked, id=27596, stack(0x000000bb31e00000,0x000000bb31f00000) (1024K)]
  0x00000274184b4050 JavaThread "Reference Handler"          daemon [_thread_blocked, id=15400, stack(0x000000bb32200000,0x000000bb32300000) (1024K)]
  0x00000274184b7270 JavaThread "Finalizer"                  daemon [_thread_blocked, id=19128, stack(0x000000bb32300000,0x000000bb32400000) (1024K)]
  0x00000274184bf870 JavaThread "Signal Dispatcher"          daemon [_thread_blocked, id=11088, stack(0x000000bb32400000,0x000000bb32500000) (1024K)]
  0x00000274184c0620 JavaThread "Attach Listener"            daemon [_thread_blocked, id=23740, stack(0x000000bb32500000,0x000000bb32600000) (1024K)]
  0x00000274184c2420 JavaThread "Service Thread"             daemon [_thread_blocked, id=27196, stack(0x000000bb32600000,0x000000bb32700000) (1024K)]
  0x00000274184c6270 JavaThread "Monitor Deflation Thread"   daemon [_thread_blocked, id=23204, stack(0x000000bb32700000,0x000000bb32800000) (1024K)]
=>0x00000274184d2ea0 JavaThread "C2 CompilerThread0"         daemon [_thread_in_native, id=7680, stack(0x000000bb32800000,0x000000bb32900000) (1024K)]
  0x00000274184d94d0 JavaThread "C1 CompilerThread0"         daemon [_thread_blocked, id=19332, stack(0x000000bb32900000,0x000000bb32a00000) (1024K)]
  0x00000274185b7310 JavaThread "Common-Cleaner"             daemon [_thread_blocked, id=24124, stack(0x000000bb32a00000,0x000000bb32b00000) (1024K)]
  0x0000027450ddd930 JavaThread "Notification Thread"        daemon [_thread_blocked, id=13868, stack(0x000000bb32b00000,0x000000bb32c00000) (1024K)]
  0x0000027456729750 JavaThread "Daemon health stats"               [_thread_blocked, id=22872, stack(0x000000bb32c00000,0x000000bb32d00000) (1024K)]
  0x00000274567ef0f0 JavaThread "Incoming local TCP Connector on port 56919"        [_thread_in_native, id=25772, stack(0x000000bb32d00000,0x000000bb32e00000) (1024K)]
  0x00000274566cc960 JavaThread "Daemon periodic checks"            [_thread_blocked, id=23952, stack(0x000000bb32e00000,0x000000bb32f00000) (1024K)]
  0x00000274566fd040 JavaThread "Daemon"                            [_thread_blocked, id=19080, stack(0x000000bb32f00000,0x000000bb33000000) (1024K)]
  0x000002745667d9b0 JavaThread "Handler for socket connection from /127.0.0.1:56919 to /127.0.0.1:56920"        [_thread_in_native, id=26104, stack(0x000000bb33000000,0x000000bb33100000) (1024K)]
  0x00000274566926f0 JavaThread "Cancel handler"                    [_thread_blocked, id=18468, stack(0x000000bb33100000,0x000000bb33200000) (1024K)]
  0x00000274566aa4f0 JavaThread "Daemon worker"                     [_thread_blocked, id=27576, stack(0x000000bb33200000,0x000000bb33300000) (1024K)]
  0x0000027456744fe0 JavaThread "Asynchronous log dispatcher for DefaultDaemonConnection: socket connection from /127.0.0.1:56919 to /127.0.0.1:56920"        [_thread_blocked, id=21844, stack(0x000000bb33300000,0x000000bb33400000) (1024K)]
  0x000002745674a590 JavaThread "Stdin handler"                     [_thread_blocked, id=18240, stack(0x000000bb33400000,0x000000bb33500000) (1024K)]
  0x0000027456749f00 JavaThread "Daemon client event forwarder"        [_thread_blocked, id=20660, stack(0x000000bb33500000,0x000000bb33600000) (1024K)]
  0x000002745674bfd0 JavaThread "Cache worker for journal cache (C:\Users\hp\.gradle\caches\journal-1)"        [_thread_blocked, id=16324, stack(0x000000bb33600000,0x000000bb33700000) (1024K)]
  0x000002745674ac20 JavaThread "File lock request listener"        [_thread_in_native, id=26232, stack(0x000000bb33700000,0x000000bb33800000) (1024K)]
  0x000002745674b2b0 JavaThread "Cache worker for file hash cache (C:\Users\hp\.gradle\caches\8.14.3\fileHashes)"        [_thread_blocked, id=16104, stack(0x000000bb33800000,0x000000bb33900000) (1024K)]
  0x000002745674c660 JavaThread "Cache worker for file hash cache (D:\program_data\Fineract\Fineract-without-loan\.gradle\8.14.3\fileHashes)"        [_thread_blocked, id=26440, stack(0x000000bb34100000,0x000000bb34200000) (1024K)]
  0x000002745674b940 JavaThread "Cache worker for Build Output Cleanup Cache (D:\program_data\Fineract\Fineract-without-loan\.gradle\buildOutputCleanup)"        [_thread_blocked, id=8400, stack(0x000000bb34200000,0x000000bb34300000) (1024K)]
  0x000002745674ccf0 JavaThread "Cache worker for Build Output Cleanup Cache (D:\program_data\Fineract\Fineract-without-loan\buildSrc\.gradle\buildOutputCleanup)"        [_thread_blocked, id=1136, stack(0x000000bb34300000,0x000000bb34400000) (1024K)]
  0x00000274594e4a00 JavaThread "jar transforms"                    [_thread_blocked, id=20296, stack(0x000000bb33900000,0x000000bb33a00000) (1024K)]
  0x00000274594e5720 JavaThread "jar transforms Thread 2"           [_thread_blocked, id=19028, stack(0x000000bb34400000,0x000000bb34500000) (1024K)]
  0x00000274594e5090 JavaThread "Cache worker for checksums cache (D:\program_data\Fineract\Fineract-without-loan\.gradle\8.14.3\checksums)"        [_thread_blocked, id=21688, stack(0x000000bb34500000,0x000000bb34600000) (1024K)]
  0x00000274594e7160 JavaThread "Cache worker for file content cache (C:\Users\hp\.gradle\caches\8.14.3\fileContent)"        [_thread_blocked, id=23808, stack(0x000000bb34600000,0x000000bb34700000) (1024K)]
  0x00000274594e6440 JavaThread "Cache worker for cache directory md-supplier (C:\Users\hp\.gradle\caches\8.14.3\md-supplier)"        [_thread_blocked, id=24892, stack(0x000000bb34800000,0x000000bb34900000) (1024K)]
  0x00000274594e4370 JavaThread "Cache worker for cache directory md-rule (C:\Users\hp\.gradle\caches\8.14.3\md-rule)"        [_thread_blocked, id=18908, stack(0x000000bb34900000,0x000000bb34a00000) (1024K)]
  0x00000274594e3ce0 JavaThread "Problems report writer"            [_thread_blocked, id=6348, stack(0x000000bb34a00000,0x000000bb34b00000) (1024K)]
  0x00000274594e7e80 JavaThread "Memory manager"                    [_thread_blocked, id=6476, stack(0x000000bb34b00000,0x000000bb34c00000) (1024K)]
  0x00000274594e8ba0 JavaThread "jar transforms Thread 3"           [_thread_blocked, id=14720, stack(0x000000bb34c00000,0x000000bb34d00000) (1024K)]
  0x00000274594e5db0 JavaThread "Unconstrained build operations"        [_thread_blocked, id=21000, stack(0x000000bb34700000,0x000000bb34800000) (1024K)]
  0x00000274594e98c0 JavaThread "Unconstrained build operations Thread 2"        [_thread_blocked, id=10140, stack(0x000000bb34d00000,0x000000bb34e00000) (1024K)]
  0x00000274594e9f50 JavaThread "Unconstrained build operations Thread 3"        [_thread_blocked, id=26220, stack(0x000000bb34e00000,0x000000bb34f00000) (1024K)]
  0x00000274594eac70 JavaThread "jar transforms Thread 4"           [_thread_blocked, id=23720, stack(0x000000bb34f00000,0x000000bb35000000) (1024K)]
  0x0000027458435c10 JavaThread "jar transforms Thread 5"           [_thread_blocked, id=27024, stack(0x000000bb35000000,0x000000bb35100000) (1024K)]
  0x00000274584362a0 JavaThread "jar transforms Thread 6"           [_thread_blocked, id=12132, stack(0x000000bb35100000,0x000000bb35200000) (1024K)]
  0x0000027458435580 JavaThread "Unconstrained build operations Thread 4"        [_thread_blocked, id=24616, stack(0x000000bb35200000,0x000000bb35300000) (1024K)]
  0x0000027458436fc0 JavaThread "Unconstrained build operations Thread 5"        [_thread_blocked, id=11436, stack(0x000000bb35300000,0x000000bb35400000) (1024K)]
  0x0000027458438370 JavaThread "Unconstrained build operations Thread 6"        [_thread_blocked, id=6344, stack(0x000000bb35400000,0x000000bb35500000) (1024K)]
  0x0000027458437650 JavaThread "Unconstrained build operations Thread 7"        [_thread_blocked, id=13148, stack(0x000000bb35500000,0x000000bb35600000) (1024K)]
  0x0000027458437ce0 JavaThread "Unconstrained build operations Thread 8"        [_thread_blocked, id=7664, stack(0x000000bb35600000,0x000000bb35700000) (1024K)]
  0x0000027458434ef0 JavaThread "Unconstrained build operations Thread 9"        [_thread_blocked, id=18256, stack(0x000000bb35700000,0x000000bb35800000) (1024K)]
  0x000002745843aad0 JavaThread "Unconstrained build operations Thread 10"        [_thread_blocked, id=20496, stack(0x000000bb35800000,0x000000bb35900000) (1024K)]
  0x0000027458439720 JavaThread "Cache worker for execution history cache (D:\program_data\Fineract\Fineract-without-loan\buildSrc\.gradle\8.14.3\executionHistory)"        [_thread_blocked, id=23108, stack(0x000000bb35c00000,0x000000bb35d00000) (1024K)]
  0x000002745843c510 JavaThread "jar transforms Thread 7"           [_thread_blocked, id=4676, stack(0x000000bb35900000,0x000000bb35a00000) (1024K)]
  0x00000274569cf8b0 JavaThread "jar transforms Thread 8"           [_thread_blocked, id=10912, stack(0x000000bb35e00000,0x000000bb35f00000) (1024K)]
  0x00000274569cde70 JavaThread "ForkJoinPool.commonPool-worker-1" daemon [_thread_blocked, id=23916, stack(0x000000bb36000000,0x000000bb36100000) (1024K)]
  0x00000274569ccac0 JavaThread "build event listener"              [_thread_blocked, id=24416, stack(0x000000bb36100000,0x000000bb36200000) (1024K)]
  0x00000274569cff40 JavaThread "Thread-46"                  daemon [_thread_blocked, id=20224, stack(0x000000bb35d00000,0x000000bb35e00000) (1024K)]
  0x00000274569d3a50 JavaThread "ForkJoinPool.commonPool-worker-2" daemon [_thread_blocked, id=24248, stack(0x000000bb31b00000,0x000000bb31c00000) (1024K)]
  0x00000274569d0c60 JavaThread "ForkJoinPool.commonPool-worker-3" daemon [_thread_blocked, id=16488, stack(0x000000bb31c00000,0x000000bb31d00000) (1024K)]
  0x00000274569d12f0 JavaThread "ForkJoinPool.commonPool-worker-4" daemon [_thread_blocked, id=25992, stack(0x000000bb31d00000,0x000000bb31e00000) (1024K)]
  0x00000274569d2010 JavaThread "ForkJoinPool.commonPool-worker-6" daemon [_thread_blocked, id=16816, stack(0x000000bb36300000,0x000000bb36400000) (1024K)]
  0x000002745a471ec0 JavaThread "ForkJoinPool.commonPool-worker-7" daemon [_thread_blocked, id=20696, stack(0x000000bb36400000,0x000000bb36500000) (1024K)]
  0x000002745a473900 JavaThread "JGit-WorkQueue"             daemon [_thread_blocked, id=16460, stack(0x000000bb35b00000,0x000000bb35c00000) (1024K)]
  0x000002745a476060 JavaThread "included builds Thread 3"          [_thread_in_Java, id=4612, stack(0x000000bb35f00000,0x000000bb36000000) (1024K)]
  0x000002745a474cb0 JavaThread "Cache worker for execution history cache (D:\program_data\Fineract\Fineract-without-loan\.gradle\8.14.3\executionHistory)"        [_thread_blocked, id=26716, stack(0x000000bb36800000,0x000000bb36900000) (1024K)]
  0x000002745ac88180 JavaThread "C2 CompilerThread1"         daemon [_thread_in_native, id=21964, stack(0x000000bb36200000,0x000000bb36300000) (1024K)]
Total: 64

Other Threads:
  0x00000274184a22e0 VMThread "VM Thread"                           [id=10692, stack(0x000000bb32100000,0x000000bb32200000) (1024K)]
  0x00000274183dba00 WatcherThread "VM Periodic Task Thread"        [id=16232, stack(0x000000bb32000000,0x000000bb32100000) (1024K)]
  0x0000027418568d50 WorkerThread "GC Thread#0"                     [id=18016, stack(0x000000bb31f00000,0x000000bb32000000) (1024K)]
  0x00000274576e1c30 WorkerThread "GC Thread#1"                     [id=24856, stack(0x000000bb33a00000,0x000000bb33b00000) (1024K)]
  0x00000274582e3270 WorkerThread "GC Thread#2"                     [id=7884, stack(0x000000bb33b00000,0x000000bb33c00000) (1024K)]
  0x00000274582e3610 WorkerThread "GC Thread#3"                     [id=26644, stack(0x000000bb33c00000,0x000000bb33d00000) (1024K)]
  0x00000274573cec20 WorkerThread "GC Thread#4"                     [id=22792, stack(0x000000bb33d00000,0x000000bb33e00000) (1024K)]
  0x00000274573cefc0 WorkerThread "GC Thread#5"                     [id=13428, stack(0x000000bb33e00000,0x000000bb33f00000) (1024K)]
  0x0000027456e4e120 WorkerThread "GC Thread#6"                     [id=3712, stack(0x000000bb33f00000,0x000000bb34000000) (1024K)]
  0x0000027456e4f340 WorkerThread "GC Thread#7"                     [id=23292, stack(0x000000bb34000000,0x000000bb34100000) (1024K)]
Total: 10

Threads with active compile tasks:
C2 CompilerThread0   182727 29626   !   4       org.gradle.api.internal.artifacts.ivyservice.resolveengine.graph.builder.EdgeState::calculateTargetNodes (473 bytes)
C1 CompilerThread0   182727 30044   !   2       java.util.jar.JarFile::getManifestFromReference (197 bytes)
C2 CompilerThread1   182727 29805       4       org.gradle.internal.component.model.GraphVariantSelector::filterVariantsByRequestedCapabilities (130 bytes)
Total: 3

VM state: not at safepoint (normal execution)

VM Mutex/Monitor currently owned by a thread: None

Heap address: 0x0000000080000000, size: 2048 MB, Compressed Oops mode: 32-bit

CDS archive(s) mapped at: [0x0000027435000000-0x0000027435c90000-0x0000027435c90000), size 13172736, SharedBaseAddress: 0x0000027435000000, ArchiveRelocationMode: 1.
Compressed class space mapped at: 0x0000027436000000-0x0000027450000000, reserved size: 436207616
Narrow klass base: 0x0000027435000000, Narrow klass shift: 0, Narrow klass range: 0x100000000

GC Precious Log:
 CardTable entry size: 512
 CPUs: 8 total, 8 available
 Memory: 7863M
 Large Page Support: Disabled
 NUMA Support: Disabled
 Compressed Oops: Enabled (32-bit)
 Alignments: Space 512K, Generation 512K, Heap 2M
 Heap Min Capacity: 1G
 Heap Initial Capacity: 1G
 Heap Max Capacity: 2G
 Pre-touch: Disabled
 Parallel Workers: 8

Heap:
 PSYoungGen      total 278528K, used 254721K [0x00000000d5580000, 0x0000000100000000, 0x0000000100000000)
  eden space 271872K, 91% used [0x00000000d5580000,0x00000000e47e72d0,0x00000000e5f00000)
  from space 6656K, 97% used [0x00000000e5f00000,0x00000000e6559160,0x00000000e6580000)
  to   space 216064K, 0% used [0x00000000f2d00000,0x00000000f2d00000,0x0000000100000000)
 ParOldGen       total 1398272K, used 1258129K [0x0000000080000000, 0x00000000d5580000, 0x00000000d5580000)
  object space 1398272K, 89% used [0x0000000080000000,0x00000000ccca4798,0x00000000d5580000)
 Metaspace       used 124838K, committed 128320K, reserved 557056K
  class space    used 16147K, committed 17856K, reserved 425984K

Card table byte_map: [0x0000027417ef0000,0x0000027418300000] _byte_map_base: 0x0000027417af0000

Marking Bits: (ParMarkBitMap*) 0x00007ffac1435da0
 Begin Bits: [0x000002742fc90000, 0x0000027431c90000)
 End Bits:   [0x0000027431c90000, 0x0000027433c90000)

Polling page: 0x00000274164f0000

Metaspace:

Usage:
  Non-class:    106.14 MB used.
      Class:     15.77 MB used.
       Both:    121.91 MB used.

Virtual space:
  Non-class space:      128.00 MB reserved,     107.88 MB ( 84%) committed,  2 nodes.
      Class space:      416.00 MB reserved,      17.44 MB (  4%) committed,  1 nodes.
             Both:      544.00 MB reserved,     125.31 MB ( 23%) committed. 

Chunk freelists:
   Non-Class:  3.63 MB
       Class:  14.41 MB
        Both:  18.04 MB

MaxMetaspaceSize: 512.00 MB
CompressedClassSpaceSize: 416.00 MB
Initial GC threshold: 21.00 MB
Current GC threshold: 195.75 MB
CDS: on
 - commit_granule_bytes: 65536.
 - commit_granule_words: 8192.
 - virtual_space_node_default_size: 8388608.
 - enlarge_chunks_in_place: 1.
 - use_allocation_guard: 0.


Internal statistics:

num_allocs_failed_limit: 12.
num_arena_births: 5492.
num_arena_deaths: 0.
num_vsnodes_births: 3.
num_vsnodes_deaths: 0.
num_space_committed: 2005.
num_space_uncommitted: 0.
num_chunks_returned_to_freelist: 12.
num_chunks_taken_from_freelist: 12037.
num_chunk_merges: 9.
num_chunk_splits: 7618.
num_chunks_enlarged: 4518.
num_inconsistent_stats: 0.

CodeHeap 'non-profiled nmethods': size=120000Kb used=7177Kb max_used=21273Kb free=112822Kb
 bounds [0x00000274284b0000, 0x0000027429980000, 0x000002742f9e0000]
CodeHeap 'profiled nmethods': size=120000Kb used=14118Kb max_used=44973Kb free=105881Kb
 bounds [0x00000274209e0000, 0x00000274235d0000, 0x0000027427f10000]
CodeHeap 'non-nmethods': size=5760Kb used=2545Kb max_used=2606Kb free=3214Kb
 bounds [0x0000027427f10000, 0x00000274281b0000, 0x00000274284b0000]
 total_blobs=9472 nmethods=8437 adapters=940
 compilation: enabled
              stopped_count=0, restarted_count=0
 full_count=0

Compilation events (20 events):
Event: 181.656 Thread 0x00000274184d94d0 nmethod 29983 0x0000027421d01690 code [0x0000027421d01840, 0x0000027421d01978]
Event: 181.657 Thread 0x00000274184d94d0 29939       2       org.gradle.internal.Describables$AbstractDescribable::<init> (5 bytes)
Event: 181.657 Thread 0x00000274184d94d0 nmethod 29939 0x0000027421d01310 code [0x0000027421d014a0, 0x0000027421d015a8]
Event: 181.657 Thread 0x00000274184d94d0 29940       2       org.gradle.internal.Describables$AbstractDescribable::<init> (5 bytes)
Event: 181.657 Thread 0x00000274184d94d0 nmethod 29940 0x0000027421d00f90 code [0x0000027421d01120, 0x0000027421d01228]
Event: 181.657 Thread 0x00000274184d94d0 29875       2       org.gradle.internal.resolve.result.DefaultBuildableTypedResolveResult::hasResult (20 bytes)
Event: 181.657 Thread 0x00000274184d94d0 nmethod 29875 0x0000027421d00c10 code [0x0000027421d00da0, 0x0000027421d00ed0]
Event: 181.657 Thread 0x00000274184d94d0 29910   !   2       org.gradle.api.internal.artifacts.ivyservice.resolveengine.artifact.ArtifactBackedResolvedVariant::getArtifacts (161 bytes)
Event: 181.658 Thread 0x00000274184d94d0 nmethod 29910 0x0000027421cffb10 code [0x0000027421cffdc0, 0x0000027421d00730]
Event: 181.658 Thread 0x00000274184d94d0 29985       2       org.gradle.internal.serialize.kryo.KryoBackedEncoder::writeSmallInt (11 bytes)
Event: 181.658 Thread 0x00000274184d94d0 nmethod 29985 0x0000027421cff710 code [0x0000027421cff8c0, 0x0000027421cff9f8]
Event: 181.658 Thread 0x00000274184d94d0 29853       2       org.gradle.internal.component.external.model.ImmutableCapabilities::<init> (10 bytes)
Event: 181.658 Thread 0x00000274184d94d0 nmethod 29853 0x0000027421cff390 code [0x0000027421cff520, 0x0000027421cff640]
Event: 181.658 Thread 0x00000274184d94d0 29866       2       org.gradle.internal.component.external.model.ImmutableCapabilities::of (23 bytes)
Event: 181.659 Thread 0x00000274184d94d0 nmethod 29866 0x0000027421cfed10 code [0x0000027421cfeee0, 0x0000027421cff1f0]
Event: 181.659 Thread 0x00000274184d94d0 29860       2       com.google.common.collect.AbstractIndexedListIterator::<init> (21 bytes)
Event: 181.659 Thread 0x00000274184d94d0 nmethod 29860 0x0000027421cfe910 code [0x0000027421cfeac0, 0x0000027421cfec18]
Event: 181.659 Thread 0x00000274184d94d0 29861       2       com.google.common.collect.UnmodifiableListIterator::<init> (5 bytes)
Event: 181.659 Thread 0x00000274184d94d0 nmethod 29861 0x0000027421cfe590 code [0x0000027421cfe720, 0x0000027421cfe828]
Event: 181.659 Thread 0x00000274184d94d0 29886       2       java.util.Optional::orElseThrow (22 bytes)

GC Heap History (20 events):
Event: 154.111 GC heap before
{Heap before GC invocations=44 (full 6):
 PSYoungGen      total 546304K, used 536032K [0x00000000d5580000, 0x0000000100000000, 0x0000000100000000)
  eden space 420352K, 100% used [0x00000000d5580000,0x00000000ef000000,0x00000000ef000000)
  from space 125952K, 91% used [0x00000000f8280000,0x00000000ff378218,0x00000000ffd80000)
  to   space 139264K, 0% used [0x00000000ef000000,0x00000000ef000000,0x00000000f7800000)
 ParOldGen       total 1398272K, used 1139796K [0x0000000080000000, 0x00000000d5580000, 0x00000000d5580000)
  object space 1398272K, 81% used [0x0000000080000000,0x00000000c5915250,0x00000000d5580000)
 Metaspace       used 116736K, committed 120128K, reserved 557056K
  class space    used 15325K, committed 16960K, reserved 425984K
}
Event: 154.201 GC heap after
{Heap after GC invocations=44 (full 6):
 PSYoungGen      total 559616K, used 139254K [0x00000000d5580000, 0x0000000100000000, 0x0000000100000000)
  eden space 420352K, 0% used [0x00000000d5580000,0x00000000d5580000,0x00000000ef000000)
  from space 139264K, 99% used [0x00000000ef000000,0x00000000f77fd968,0x00000000f7800000)
  to   space 139264K, 0% used [0x00000000f7800000,0x00000000f7800000,0x0000000100000000)
 ParOldGen       total 1398272K, used 1155103K [0x0000000080000000, 0x00000000d5580000, 0x00000000d5580000)
  object space 1398272K, 82% used [0x0000000080000000,0x00000000c6807c70,0x00000000d5580000)
 Metaspace       used 116736K, committed 120128K, reserved 557056K
  class space    used 15325K, committed 16960K, reserved 425984K
}
Event: 154.852 GC heap before
{Heap before GC invocations=45 (full 6):
 PSYoungGen      total 559616K, used 559606K [0x00000000d5580000, 0x0000000100000000, 0x0000000100000000)
  eden space 420352K, 100% used [0x00000000d5580000,0x00000000ef000000,0x00000000ef000000)
  from space 139264K, 99% used [0x00000000ef000000,0x00000000f77fd968,0x00000000f7800000)
  to   space 139264K, 0% used [0x00000000f7800000,0x00000000f7800000,0x0000000100000000)
 ParOldGen       total 1398272K, used 1155103K [0x0000000080000000, 0x00000000d5580000, 0x00000000d5580000)
  object space 1398272K, 82% used [0x0000000080000000,0x00000000c6807d00,0x00000000d5580000)
 Metaspace       used 116736K, committed 120128K, reserved 557056K
  class space    used 15325K, committed 16960K, reserved 425984K
}
Event: 154.949 GC heap after
{Heap after GC invocations=45 (full 6):
 PSYoungGen      total 506368K, used 103972K [0x00000000d5580000, 0x0000000100000000, 0x0000000100000000)
  eden space 367104K, 0% used [0x00000000d5580000,0x00000000d5580000,0x00000000ebc00000)
  from space 139264K, 74% used [0x00000000f7800000,0x00000000fdd89208,0x0000000100000000)
  to   space 165888K, 0% used [0x00000000ebc00000,0x00000000ebc00000,0x00000000f5e00000)
 ParOldGen       total 1398272K, used 1226092K [0x0000000080000000, 0x00000000d5580000, 0x00000000d5580000)
  object space 1398272K, 87% used [0x0000000080000000,0x00000000cad5b338,0x00000000d5580000)
 Metaspace       used 116736K, committed 120128K, reserved 557056K
  class space    used 15325K, committed 16960K, reserved 425984K
}
Event: 155.501 GC heap before
{Heap before GC invocations=46 (full 6):
 PSYoungGen      total 506368K, used 471076K [0x00000000d5580000, 0x0000000100000000, 0x0000000100000000)
  eden space 367104K, 100% used [0x00000000d5580000,0x00000000ebc00000,0x00000000ebc00000)
  from space 139264K, 74% used [0x00000000f7800000,0x00000000fdd89208,0x0000000100000000)
  to   space 165888K, 0% used [0x00000000ebc00000,0x00000000ebc00000,0x00000000f5e00000)
 ParOldGen       total 1398272K, used 1226591K [0x0000000080000000, 0x00000000d5580000, 0x00000000d5580000)
  object space 1398272K, 87% used [0x0000000080000000,0x00000000cadd7cb0,0x00000000d5580000)
 Metaspace       used 116736K, committed 120128K, reserved 557056K
  class space    used 15325K, committed 16960K, reserved 425984K
}
Event: 155.575 GC heap after
{Heap after GC invocations=46 (full 6):
 PSYoungGen      total 504832K, used 137250K [0x00000000d5580000, 0x0000000100000000, 0x0000000100000000)
  eden space 367104K, 0% used [0x00000000d5580000,0x00000000d5580000,0x00000000ebc00000)
  from space 137728K, 99% used [0x00000000ebc00000,0x00000000f4208b60,0x00000000f4280000)
  to   space 178688K, 0% used [0x00000000f5180000,0x00000000f5180000,0x0000000100000000)
 ParOldGen       total 1398272K, used 1226591K [0x0000000080000000, 0x00000000d5580000, 0x00000000d5580000)
  object space 1398272K, 87% used [0x0000000080000000,0x00000000cadd7cb0,0x00000000d5580000)
 Metaspace       used 116736K, committed 120128K, reserved 557056K
  class space    used 15325K, committed 16960K, reserved 425984K
}
Event: 156.159 GC heap before
{Heap before GC invocations=47 (full 6):
 PSYoungGen      total 504832K, used 504354K [0x00000000d5580000, 0x0000000100000000, 0x0000000100000000)
  eden space 367104K, 100% used [0x00000000d5580000,0x00000000ebc00000,0x00000000ebc00000)
  from space 137728K, 99% used [0x00000000ebc00000,0x00000000f4208b60,0x00000000f4280000)
  to   space 178688K, 0% used [0x00000000f5180000,0x00000000f5180000,0x0000000100000000)
 ParOldGen       total 1398272K, used 1226626K [0x0000000080000000, 0x00000000d5580000, 0x00000000d5580000)
  object space 1398272K, 87% used [0x0000000080000000,0x00000000cade09c0,0x00000000d5580000)
 Metaspace       used 116738K, committed 120128K, reserved 557056K
  class space    used 15325K, committed 16960K, reserved 425984K
}
Event: 156.300 GC heap after
{Heap after GC invocations=47 (full 6):
 PSYoungGen      total 446464K, used 178665K [0x00000000d5580000, 0x0000000100000000, 0x0000000100000000)
  eden space 267776K, 0% used [0x00000000d5580000,0x00000000d5580000,0x00000000e5b00000)
  from space 178688K, 99% used [0x00000000f5180000,0x00000000ffffa400,0x0000000100000000)
  to   space 215552K, 0% used [0x00000000e5b00000,0x00000000e5b00000,0x00000000f2d80000)
 ParOldGen       total 1398272K, used 1258082K [0x0000000080000000, 0x00000000d5580000, 0x00000000d5580000)
  object space 1398272K, 89% used [0x0000000080000000,0x00000000ccc98b40,0x00000000d5580000)
 Metaspace       used 116738K, committed 120128K, reserved 557056K
  class space    used 15325K, committed 16960K, reserved 425984K
}
Event: 156.800 GC heap before
{Heap before GC invocations=48 (full 6):
 PSYoungGen      total 446464K, used 446441K [0x00000000d5580000, 0x0000000100000000, 0x0000000100000000)
  eden space 267776K, 100% used [0x00000000d5580000,0x00000000e5b00000,0x00000000e5b00000)
  from space 178688K, 99% used [0x00000000f5180000,0x00000000ffffa400,0x0000000100000000)
  to   space 215552K, 0% used [0x00000000e5b00000,0x00000000e5b00000,0x00000000f2d80000)
 ParOldGen       total 1398272K, used 1258117K [0x0000000080000000, 0x00000000d5580000, 0x00000000d5580000)
  object space 1398272K, 89% used [0x0000000080000000,0x00000000ccca1718,0x00000000d5580000)
 Metaspace       used 116738K, committed 120128K, reserved 557056K
  class space    used 15325K, committed 16960K, reserved 425984K
}
Event: 156.923 GC heap after
{Heap after GC invocations=48 (full 6):
 PSYoungGen      total 483328K, used 118769K [0x00000000d5580000, 0x0000000100000000, 0x0000000100000000)
  eden space 267776K, 0% used [0x00000000d5580000,0x00000000d5580000,0x00000000e5b00000)
  from space 215552K, 55% used [0x00000000e5b00000,0x00000000ecefc7d8,0x00000000f2d80000)
  to   space 211456K, 0% used [0x00000000f3180000,0x00000000f3180000,0x0000000100000000)
 ParOldGen       total 1398272K, used 1328001K [0x0000000080000000, 0x00000000d5580000, 0x00000000d5580000)
  object space 1398272K, 94% used [0x0000000080000000,0x00000000d10e0578,0x00000000d5580000)
 Metaspace       used 116738K, committed 120128K, reserved 557056K
  class space    used 15325K, committed 16960K, reserved 425984K
}
Event: 156.924 GC heap before
{Heap before GC invocations=49 (full 7):
 PSYoungGen      total 483328K, used 118769K [0x00000000d5580000, 0x0000000100000000, 0x0000000100000000)
  eden space 267776K, 0% used [0x00000000d5580000,0x00000000d5580000,0x00000000e5b00000)
  from space 215552K, 55% used [0x00000000e5b00000,0x00000000ecefc7d8,0x00000000f2d80000)
  to   space 211456K, 0% used [0x00000000f3180000,0x00000000f3180000,0x0000000100000000)
 ParOldGen       total 1398272K, used 1328001K [0x0000000080000000, 0x00000000d5580000, 0x00000000d5580000)
  object space 1398272K, 94% used [0x0000000080000000,0x00000000d10e0578,0x00000000d5580000)
 Metaspace       used 116738K, committed 120128K, reserved 557056K
  class space    used 15325K, committed 16960K, reserved 425984K
}
Event: 160.314 GC heap after
{Heap after GC invocations=49 (full 7):
 PSYoungGen      total 483328K, used 23752K [0x00000000d5580000, 0x00000000ffc00000, 0x0000000100000000)
  eden space 267776K, 0% used [0x00000000d5580000,0x00000000d5580000,0x00000000e5b00000)
  from space 215552K, 11% used [0x00000000e5b00000,0x00000000e7232380,0x00000000f2d80000)
  to   space 211456K, 0% used [0x00000000f2d80000,0x00000000f2d80000,0x00000000ffc00000)
 ParOldGen       total 1398272K, used 1397888K [0x0000000080000000, 0x00000000d5580000, 0x00000000d5580000)
  object space 1398272K, 99% used [0x0000000080000000,0x00000000d5520180,0x00000000d5580000)
 Metaspace       used 116738K, committed 120128K, reserved 557056K
  class space    used 15325K, committed 16960K, reserved 425984K
}
Event: 160.810 GC heap before
{Heap before GC invocations=50 (full 8):
 PSYoungGen      total 483328K, used 291528K [0x00000000d5580000, 0x00000000ffc00000, 0x0000000100000000)
  eden space 267776K, 100% used [0x00000000d5580000,0x00000000e5b00000,0x00000000e5b00000)
  from space 215552K, 11% used [0x00000000e5b00000,0x00000000e7232380,0x00000000f2d80000)
  to   space 211456K, 0% used [0x00000000f2d80000,0x00000000f2d80000,0x00000000ffc00000)
 ParOldGen       total 1398272K, used 1397904K [0x0000000080000000, 0x00000000d5580000, 0x00000000d5580000)
  object space 1398272K, 99% used [0x0000000080000000,0x00000000d5524190,0x00000000d5580000)
 Metaspace       used 116738K, committed 120128K, reserved 557056K
  class space    used 15325K, committed 16960K, reserved 425984K
}
Event: 162.515 GC heap after
{Heap after GC invocations=50 (full 8):
 PSYoungGen      total 479232K, used 46341K [0x00000000d5580000, 0x00000000ffc00000, 0x0000000100000000)
  eden space 267776K, 17% used [0x00000000d5580000,0x00000000d82c1590,0x00000000e5b00000)
  from space 211456K, 0% used [0x00000000f2d80000,0x00000000f2d80000,0x00000000ffc00000)
  to   space 215552K, 0% used [0x00000000e5b00000,0x00000000e5b00000,0x00000000f2d80000)
 ParOldGen       total 1398272K, used 1398269K [0x0000000080000000, 0x00000000d5580000, 0x00000000d5580000)
  object space 1398272K, 99% used [0x0000000080000000,0x00000000d557f728,0x00000000d5580000)
 Metaspace       used 116738K, committed 120128K, reserved 557056K
  class space    used 15325K, committed 16960K, reserved 425984K
}
Event: 163.195 GC heap before
{Heap before GC invocations=51 (full 9):
 PSYoungGen      total 479232K, used 267776K [0x00000000d5580000, 0x00000000ffc00000, 0x0000000100000000)
  eden space 267776K, 100% used [0x00000000d5580000,0x00000000e5b00000,0x00000000e5b00000)
  from space 211456K, 0% used [0x00000000f2d80000,0x00000000f2d80000,0x00000000ffc00000)
  to   space 215552K, 0% used [0x00000000e5b00000,0x00000000e5b00000,0x00000000f2d80000)
 ParOldGen       total 1398272K, used 1398271K [0x0000000080000000, 0x00000000d5580000, 0x00000000d5580000)
  object space 1398272K, 99% used [0x0000000080000000,0x00000000d557ffa0,0x00000000d5580000)
 Metaspace       used 116819K, committed 120192K, reserved 557056K
  class space    used 15329K, committed 16960K, reserved 425984K
}
Event: 164.277 GC heap after
{Heap after GC invocations=51 (full 9):
 PSYoungGen      total 483328K, used 54065K [0x00000000d5580000, 0x00000000ffc00000, 0x0000000100000000)
  eden space 267776K, 20% used [0x00000000d5580000,0x00000000d8a4c518,0x00000000e5b00000)
  from space 215552K, 0% used [0x00000000e5b00000,0x00000000e5b00000,0x00000000f2d80000)
  to   space 211456K, 0% used [0x00000000f2d80000,0x00000000f2d80000,0x00000000ffc00000)
 ParOldGen       total 1398272K, used 1398217K [0x0000000080000000, 0x00000000d5580000, 0x00000000d5580000)
  object space 1398272K, 99% used [0x0000000080000000,0x00000000d5572710,0x00000000d5580000)
 Metaspace       used 116819K, committed 120192K, reserved 557056K
  class space    used 15329K, committed 16960K, reserved 425984K
}
Event: 166.989 GC heap before
{Heap before GC invocations=52 (full 10):
 PSYoungGen      total 483328K, used 267776K [0x00000000d5580000, 0x00000000ffc00000, 0x0000000100000000)
  eden space 267776K, 100% used [0x00000000d5580000,0x00000000e5b00000,0x00000000e5b00000)
  from space 215552K, 0% used [0x00000000e5b00000,0x00000000e5b00000,0x00000000f2d80000)
  to   space 211456K, 0% used [0x00000000f2d80000,0x00000000f2d80000,0x00000000ffc00000)
 ParOldGen       total 1398272K, used 1398217K [0x0000000080000000, 0x00000000d5580000, 0x00000000d5580000)
  object space 1398272K, 99% used [0x0000000080000000,0x00000000d5572710,0x00000000d5580000)
 Metaspace       used 116872K, committed 120256K, reserved 557056K
  class space    used 15330K, committed 16960K, reserved 425984K
}
Event: 168.925 GC heap after
{Heap after GC invocations=52 (full 10):
 PSYoungGen      total 483328K, used 0K [0x00000000d5580000, 0x00000000ffc00000, 0x0000000100000000)
  eden space 271872K, 0% used [0x00000000d5580000,0x00000000d5580000,0x00000000e5f00000)
  from space 211456K, 0% used [0x00000000f2d80000,0x00000000f2d80000,0x00000000ffc00000)
  to   space 211456K, 0% used [0x00000000e5f00000,0x00000000e5f00000,0x00000000f2d80000)
 ParOldGen       total 1398272K, used 1258113K [0x0000000080000000, 0x00000000d5580000, 0x00000000d5580000)
  object space 1398272K, 89% used [0x0000000080000000,0x00000000ccca0798,0x00000000d5580000)
 Metaspace       used 116872K, committed 120256K, reserved 557056K
  class space    used 15330K, committed 16960K, reserved 425984K
}
Event: 175.438 GC heap before
{Heap before GC invocations=53 (full 10):
 PSYoungGen      total 483328K, used 271872K [0x00000000d5580000, 0x00000000ffc00000, 0x0000000100000000)
  eden space 271872K, 100% used [0x00000000d5580000,0x00000000e5f00000,0x00000000e5f00000)
  from space 211456K, 0% used [0x00000000f2d80000,0x00000000f2d80000,0x00000000ffc00000)
  to   space 211456K, 0% used [0x00000000e5f00000,0x00000000e5f00000,0x00000000f2d80000)
 ParOldGen       total 1398272K, used 1258113K [0x0000000080000000, 0x00000000d5580000, 0x00000000d5580000)
  object space 1398272K, 89% used [0x0000000080000000,0x00000000ccca0798,0x00000000d5580000)
 Metaspace       used 121021K, committed 124480K, reserved 557056K
  class space    used 15760K, committed 17408K, reserved 425984K
}
Event: 175.451 GC heap after
{Heap after GC invocations=53 (full 10):
 PSYoungGen      total 278528K, used 6500K [0x00000000d5580000, 0x0000000100000000, 0x0000000100000000)
  eden space 271872K, 0% used [0x00000000d5580000,0x00000000d5580000,0x00000000e5f00000)
  from space 6656K, 97% used [0x00000000e5f00000,0x00000000e6559160,0x00000000e6580000)
  to   space 216064K, 0% used [0x00000000f2d00000,0x00000000f2d00000,0x0000000100000000)
 ParOldGen       total 1398272K, used 1258129K [0x0000000080000000, 0x00000000d5580000, 0x00000000d5580000)
  object space 1398272K, 89% used [0x0000000080000000,0x00000000ccca4798,0x00000000d5580000)
 Metaspace       used 121021K, committed 124480K, reserved 557056K
  class space    used 15760K, committed 17408K, reserved 425984K
}

Dll operation events (16 events):
Event: 0.023 Loaded shared library C:\Program Files\Java\jdk-21\bin\java.dll
Event: 0.081 Loaded shared library C:\Program Files\Java\jdk-21\bin\jsvml.dll
Event: 0.144 Loaded shared library C:\Program Files\Java\jdk-21\bin\zip.dll
Event: 0.149 Loaded shared library C:\Program Files\Java\jdk-21\bin\instrument.dll
Event: 0.153 Loaded shared library C:\Program Files\Java\jdk-21\bin\net.dll
Event: 0.156 Loaded shared library C:\Program Files\Java\jdk-21\bin\nio.dll
Event: 0.162 Loaded shared library C:\Program Files\Java\jdk-21\bin\zip.dll
Event: 0.673 Loaded shared library C:\Program Files\Java\jdk-21\bin\jimage.dll
Event: 0.915 Loaded shared library C:\Program Files\Java\jdk-21\bin\verify.dll
Event: 1.064 Loaded shared library C:\Users\hp\.gradle\native\1def1411415f61bf3af743bc5b6707747c0891f09f0c88961ee8f79bc544acac\windows-amd64\native-platform.dll
Event: 1.084 Loaded shared library C:\Users\hp\.gradle\native\0.2.7\x86_64-windows-gnu\gradle-fileevents.dll
Event: 2.984 Loaded shared library C:\Program Files\Java\jdk-21\bin\management.dll
Event: 2.990 Loaded shared library C:\Program Files\Java\jdk-21\bin\management_ext.dll
Event: 3.268 Loaded shared library C:\Program Files\Java\jdk-21\bin\extnet.dll
Event: 3.982 Loaded shared library C:\Program Files\Java\jdk-21\bin\sunmscapi.dll
Event: 54.634 Loaded shared library C:\Users\hp\AppData\Local\Temp\jna-3336\jna9792239200456030246.dll

Deoptimization events (20 events):
Event: 179.634 Thread 0x000002745a476060 DEOPT PACKING pc=0x000002742867eb30 sp=0x000000bb35ffa0a0
Event: 179.634 Thread 0x000002745a476060 DEOPT UNPACKING pc=0x0000027427f63aa2 sp=0x000000bb35ffa068 mode 2
Event: 179.750 Thread 0x000002745a476060 DEOPT PACKING pc=0x0000027420fc5937 sp=0x000000bb35ff9180
Event: 179.750 Thread 0x000002745a476060 DEOPT UNPACKING pc=0x0000027427f64242 sp=0x000000bb35ff8678 mode 0
Event: 179.850 Thread 0x000002745a476060 Uncommon trap: trap_request=0xffffffde fr.pc=0x000002742967131c relative=0x00000000000008fc
Event: 179.850 Thread 0x000002745a476060 Uncommon trap: reason=class_check action=maybe_recompile pc=0x000002742967131c method=com.fasterxml.jackson.databind.introspect.POJOPropertiesCollector._addInjectables(Ljava/util/Map;)V @ 38 c2
Event: 179.850 Thread 0x000002745a476060 DEOPT PACKING pc=0x000002742967131c sp=0x000000bb35ff9380
Event: 179.850 Thread 0x000002745a476060 DEOPT UNPACKING pc=0x0000027427f63aa2 sp=0x000000bb35ff9340 mode 2
Event: 180.378 Thread 0x000002745a474cb0 DEOPT PACKING pc=0x00000274210a7f2c sp=0x000000bb368fe5a0
Event: 180.378 Thread 0x000002745a474cb0 DEOPT UNPACKING pc=0x0000027427f64242 sp=0x000000bb368fda40 mode 0
Event: 180.379 Thread 0x000002745a474cb0 DEOPT PACKING pc=0x00000274210a7f2c sp=0x000000bb368fe5a0
Event: 180.379 Thread 0x000002745a474cb0 DEOPT UNPACKING pc=0x0000027427f64242 sp=0x000000bb368fda40 mode 0
Event: 180.380 Thread 0x000002745a474cb0 DEOPT PACKING pc=0x00000274210a7f2c sp=0x000000bb368fe5a0
Event: 180.380 Thread 0x000002745a474cb0 DEOPT UNPACKING pc=0x0000027427f64242 sp=0x000000bb368fda40 mode 0
Event: 180.380 Thread 0x000002745a474cb0 DEOPT PACKING pc=0x00000274210a7f2c sp=0x000000bb368fe5a0
Event: 180.380 Thread 0x000002745a474cb0 DEOPT UNPACKING pc=0x0000027427f64242 sp=0x000000bb368fda40 mode 0
Event: 180.450 Thread 0x000002745a474cb0 DEOPT PACKING pc=0x0000027421a726c4 sp=0x000000bb368fe6b0
Event: 180.450 Thread 0x000002745a474cb0 DEOPT UNPACKING pc=0x0000027427f64242 sp=0x000000bb368fdb48 mode 0
Event: 181.614 Thread 0x000002745a476060 DEOPT PACKING pc=0x0000027420e1f943 sp=0x000000bb35ff9a50
Event: 181.614 Thread 0x000002745a476060 DEOPT UNPACKING pc=0x0000027427f64242 sp=0x000000bb35ff8f48 mode 0

Classes loaded (20 events):
Event: 173.420 Loading class java/lang/reflect/AnnotatedTypeVariable done
Event: 173.420 Loading class sun/reflect/annotation/AnnotatedTypeFactory$AnnotatedTypeVariableImpl done
Event: 176.974 Loading class java/time/format/DateTimeParseContext
Event: 176.975 Loading class java/time/format/DateTimeParseContext done
Event: 176.975 Loading class java/time/format/Parsed
Event: 176.978 Loading class java/time/format/Parsed done
Event: 176.989 Loading class java/time/format/DateTimeParseException
Event: 176.990 Loading class java/time/format/DateTimeParseException done
Event: 177.169 Loading class sun/reflect/annotation/TypeAnnotation$TypeAnnotationTargetInfo
Event: 177.170 Loading class sun/reflect/annotation/TypeAnnotation$TypeAnnotationTargetInfo done
Event: 178.590 Loading class java/time/zone/ZoneOffsetTransitionRule$TimeDefinition
Event: 178.591 Loading class java/time/zone/ZoneOffsetTransitionRule$TimeDefinition done
Event: 178.597 Loading class sun/util/resources/ParallelListResourceBundle
Event: 178.599 Loading class sun/util/resources/ParallelListResourceBundle done
Event: 179.371 Loading class javax/naming/Context
Event: 179.373 Loading class javax/naming/Context done
Event: 179.376 Loading class javax/xml/transform/Source
Event: 179.377 Loading class javax/xml/transform/Source done
Event: 180.050 Loading class sun/nio/ch/ChannelOutputStream
Event: 180.051 Loading class sun/nio/ch/ChannelOutputStream done

Classes unloaded (0 events):
No events

Classes redefined (0 events):
No events

Internal exceptions (20 events):
Event: 169.996 Thread 0x000002745a476060 Exception <a 'java/lang/ClassNotFoundException'{0x00000000d61bfb20}: org/apache/fineract/portfolio/interestratechart/api/InterestRateChartSlabsApiResource> (0x00000000d61bfb20) 
thrown [s\open\src\hotspot\share\classfile\systemDictionary.cpp, line 312]
Event: 170.005 Thread 0x000002745a476060 Exception <a 'java/lang/ClassNotFoundException'{0x00000000d61e76c8}: org/apache/fineract/portfolio/interestratechart/api/InterestRateChartsApiResource> (0x00000000d61e76c8) 
thrown [s\open\src\hotspot\share\classfile\systemDictionary.cpp, line 312]
Event: 170.031 Thread 0x000002745a476060 Exception <a 'java/lang/ClassNotFoundException'{0x00000000d62102f8}: org/apache/fineract/portfolio/paymenttype/api/PaymentTypeApiResource> (0x00000000d62102f8) 
thrown [s\open\src\hotspot\share\classfile\systemDictionary.cpp, line 312]
Event: 170.041 Thread 0x000002745a476060 Exception <a 'java/lang/ClassNotFoundException'{0x00000000d6239400}: org/apache/fineract/portfolio/products/api/ProductsApiResource> (0x00000000d6239400) 
thrown [s\open\src\hotspot\share\classfile\systemDictionary.cpp, line 312]
Event: 170.052 Thread 0x000002745a476060 Exception <a 'java/lang/ClassNotFoundException'{0x00000000d6260b28}: org/apache/fineract/portfolio/repaymentwithpostdatedchecks/api/RepaymentWithPostDatedChecksApiResource> (0x00000000d6260b28) 
thrown [s\open\src\hotspot\share\classfile\systemDictionary.cpp, line 312]
Event: 170.073 Thread 0x000002745a476060 Exception <a 'java/lang/ClassNotFoundException'{0x00000000d62884d8}: org/apache/fineract/template/api/TemplatesApiResource> (0x00000000d62884d8) 
thrown [s\open\src\hotspot\share\classfile\systemDictionary.cpp, line 312]
Event: 170.087 Thread 0x000002745a476060 Exception <a 'java/lang/ClassNotFoundException'{0x00000000d62b4a20}: org/eclipse/persistence/jpa/rs/resources/EntityResource> (0x00000000d62b4a20) 
thrown [s\open\src\hotspot\share\classfile\systemDictionary.cpp, line 312]
Event: 170.145 Thread 0x000002745a476060 Exception <a 'java/lang/ClassNotFoundException'{0x00000000d63c1ee8}: org/eclipse/persistence/jpa/rs/resources/MetadataResource> (0x00000000d63c1ee8) 
thrown [s\open\src\hotspot\share\classfile\systemDictionary.cpp, line 312]
Event: 170.161 Thread 0x000002745a476060 Exception <a 'java/lang/ClassNotFoundException'{0x00000000d6404860}: org/eclipse/persistence/jpa/rs/resources/PersistenceResource> (0x00000000d6404860) 
thrown [s\open\src\hotspot\share\classfile\systemDictionary.cpp, line 312]
Event: 170.169 Thread 0x000002745a476060 Exception <a 'java/lang/ClassNotFoundException'{0x00000000d6441840}: org/eclipse/persistence/jpa/rs/resources/PersistenceUnitResource> (0x00000000d6441840) 
thrown [s\open\src\hotspot\share\classfile\systemDictionary.cpp, line 312]
Event: 170.184 Thread 0x000002745a476060 Exception <a 'java/lang/ClassNotFoundException'{0x00000000d648ce88}: org/eclipse/persistence/jpa/rs/resources/QueryResource> (0x00000000d648ce88) 
thrown [s\open\src\hotspot\share\classfile\systemDictionary.cpp, line 312]
Event: 170.192 Thread 0x000002745a476060 Exception <a 'java/lang/ClassNotFoundException'{0x00000000d64c6f78}: org/eclipse/persistence/jpa/rs/resources/SingleResultQueryResource> (0x00000000d64c6f78) 
thrown [s\open\src\hotspot\share\classfile\systemDictionary.cpp, line 312]
Event: 170.200 Thread 0x000002745a476060 Exception <a 'java/lang/ClassNotFoundException'{0x00000000d64f6c98}: org/glassfish/jersey/server/wadl/internal/WadlResource> (0x00000000d64f6c98) 
thrown [s\open\src\hotspot\share\classfile\systemDictionary.cpp, line 312]
Event: 173.183 Thread 0x000002745a476060 Implicit null exception at 0x00000274285d35c9 to 0x00000274285d36f0
Event: 173.300 Thread 0x000002745a476060 Exception <a 'java/lang/NoSuchMethodError'{0x00000000da744040}: method resolution failed> (0x00000000da744040) 
thrown [s\open\src\hotspot\share\prims\methodHandles.cpp, line 1144]
Event: 173.951 Thread 0x000002745a476060 Implicit null exception at 0x000002742853aee6 to 0x000002742853be28
Event: 174.110 Thread 0x000002745a476060 Implicit null exception at 0x000002742857ab7e to 0x000002742857ac4d
Event: 174.110 Thread 0x000002745a476060 Implicit null exception at 0x000002742860099d to 0x0000027428600c80
Event: 181.660 Thread 0x000002745a476060 Exception <a 'java/io/FileNotFoundException'{0x00000000e4510750}> (0x00000000e4510750) 
thrown [s\open\src\hotspot\share\prims\jni.cpp, line 520]
Event: 181.660 Thread 0x000002745a476060 Exception <a 'java/io/FileNotFoundException'{0x00000000e4511f18}> (0x00000000e4511f18) 
thrown [s\open\src\hotspot\share\prims\jni.cpp, line 520]

ZGC Phase Switch (0 events):
No events

VM Operations (20 events):
Event: 179.421 Executing VM operation: ICBufferFull done
Event: 179.598 Executing VM operation: HandshakeAllThreads (Deoptimize)
Event: 179.598 Executing VM operation: HandshakeAllThreads (Deoptimize) done
Event: 180.381 Executing VM operation: ICBufferFull
Event: 180.381 Executing VM operation: ICBufferFull done
Event: 180.539 Executing VM operation: HandshakeAllThreads (HandshakeForDeflation)
Event: 180.539 Executing VM operation: HandshakeAllThreads (HandshakeForDeflation) done
Event: 180.540 Executing VM operation: RendezvousGCThreads
Event: 180.540 Executing VM operation: RendezvousGCThreads done
Event: 180.804 Executing VM operation: ICBufferFull
Event: 180.804 Executing VM operation: ICBufferFull done
Event: 181.003 Executing VM operation: ICBufferFull
Event: 181.003 Executing VM operation: ICBufferFull done
Event: 181.173 Executing VM operation: ICBufferFull
Event: 181.173 Executing VM operation: ICBufferFull done
Event: 181.370 Executing VM operation: ICBufferFull
Event: 181.370 Executing VM operation: ICBufferFull done
Event: 181.479 Executing VM operation: ICBufferFull
Event: 181.479 Executing VM operation: ICBufferFull done
Event: 182.482 Executing VM operation: Cleanup

Events (20 events):
Event: 168.010 Thread 0x00000274184a22e0 flushing nmethod 0x0000027423591b90
Event: 168.010 Thread 0x00000274184a22e0 flushing nmethod 0x0000027423595490
Event: 168.010 Thread 0x00000274184a22e0 flushing nmethod 0x0000027423595810
Event: 168.010 Thread 0x00000274184a22e0 flushing nmethod 0x000002742359f190
Event: 168.010 Thread 0x00000274184a22e0 flushing nmethod 0x00000274235ae690
Event: 168.934 Thread 0x00000274569cf220 Thread exited: 0x00000274569cf220
Event: 168.934 Thread 0x00000274637db140 Thread exited: 0x00000274637db140
Event: 168.934 Thread 0x00000274637d9070 Thread exited: 0x00000274637d9070
Event: 168.934 Thread 0x000002745a4759d0 Thread exited: 0x000002745a4759d0
Event: 168.934 Thread 0x00000274637dbe60 Thread exited: 0x00000274637dbe60
Event: 168.934 Thread 0x00000274637daab0 Thread exited: 0x00000274637daab0
Event: 168.934 Thread 0x0000027458439090 Thread exited: 0x0000027458439090
Event: 168.934 Thread 0x000002745a473f90 Thread exited: 0x000002745a473f90
Event: 168.934 Thread 0x00000274637da420 Thread exited: 0x00000274637da420
Event: 168.934 Thread 0x0000027458438a00 Thread exited: 0x0000027458438a00
Event: 168.934 Thread 0x000002745a474620 Thread exited: 0x000002745a474620
Event: 168.935 Thread 0x000002745a4766f0 Thread exited: 0x000002745a4766f0
Event: 168.935 Thread 0x00000274637d9700 Thread exited: 0x00000274637d9700
Event: 168.944 Thread 0x000002745a476d80 Thread exited: 0x000002745a476d80
Event: 174.821 Thread 0x000002745ac88180 Thread added: 0x000002745ac88180


Dynamic libraries:
0x00007ff6d8a80000 - 0x00007ff6d8a90000 	C:\Program Files\Java\jdk-21\bin\java.exe
0x00007ffb551c0000 - 0x00007ffb55428000 	C:\WINDOWS\SYSTEM32\ntdll.dll
0x00007ffb53090000 - 0x00007ffb53159000 	C:\WINDOWS\System32\KERNEL32.DLL
0x00007ffb52740000 - 0x00007ffb52b38000 	C:\WINDOWS\System32\KERNELBASE.dll
0x00007ffb52540000 - 0x00007ffb5268b000 	C:\WINDOWS\System32\ucrtbase.dll
0x00007ffb377d0000 - 0x00007ffb377eb000 	C:\Program Files\Java\jdk-21\bin\VCRUNTIME140.dll
0x00007ffb385e0000 - 0x00007ffb385f9000 	C:\Program Files\Java\jdk-21\bin\jli.dll
0x00007ffb53940000 - 0x00007ffb539f4000 	C:\WINDOWS\System32\ADVAPI32.dll
0x00007ffb54db0000 - 0x00007ffb54e59000 	C:\WINDOWS\System32\msvcrt.dll
0x00007ffb54080000 - 0x00007ffb54126000 	C:\WINDOWS\System32\sechost.dll
0x00007ffb53f60000 - 0x00007ffb54078000 	C:\WINDOWS\System32\RPCRT4.dll
0x00007ffb542f0000 - 0x00007ffb544b7000 	C:\WINDOWS\System32\USER32.dll
0x00007ffb52b40000 - 0x00007ffb52b67000 	C:\WINDOWS\System32\win32u.dll
0x00007ffb54e60000 - 0x00007ffb54e8b000 	C:\WINDOWS\System32\GDI32.dll
0x00007ffb2ff40000 - 0x00007ffb301d4000 	C:\WINDOWS\WinSxS\amd64_microsoft.windows.common-controls_6595b64144ccf1df_6.0.26100.7019_none_3e06ffa0e335b8a8\COMCTL32.dll
0x00007ffb52b70000 - 0x00007ffb52c9c000 	C:\WINDOWS\System32\gdi32full.dll
0x00007ffb52690000 - 0x00007ffb52733000 	C:\WINDOWS\System32\msvcp_win.dll
0x00007ffb3f1a0000 - 0x00007ffb3f1ab000 	C:\WINDOWS\SYSTEM32\VERSION.dll
0x00007ffb54e90000 - 0x00007ffb54ec1000 	C:\WINDOWS\System32\IMM32.DLL
0x00007ffb4d190000 - 0x00007ffb4d19c000 	C:\Program Files\Java\jdk-21\bin\vcruntime140_1.dll
0x00007ffaec4f0000 - 0x00007ffaec57e000 	C:\Program Files\Java\jdk-21\bin\msvcp140.dll
0x00007ffac07f0000 - 0x00007ffac150d000 	C:\Program Files\Java\jdk-21\bin\server\jvm.dll
0x00007ffb54f20000 - 0x00007ffb54f94000 	C:\WINDOWS\System32\WS2_32.dll
0x00007ffb52170000 - 0x00007ffb521ce000 	C:\WINDOWS\SYSTEM32\POWRPROF.dll
0x00007ffb47bf0000 - 0x00007ffb47c25000 	C:\WINDOWS\SYSTEM32\WINMM.dll
0x00007ffb52150000 - 0x00007ffb52164000 	C:\WINDOWS\SYSTEM32\UMPDC.dll
0x00007ffb510d0000 - 0x00007ffb510eb000 	C:\WINDOWS\SYSTEM32\kernel.appcore.dll
0x00007ffb37b80000 - 0x00007ffb37b8a000 	C:\Program Files\Java\jdk-21\bin\jimage.dll
0x00007ffb4fa60000 - 0x00007ffb4fca2000 	C:\WINDOWS\SYSTEM32\DBGHELP.DLL
0x00007ffb53bc0000 - 0x00007ffb53f4b000 	C:\WINDOWS\System32\combase.dll
0x00007ffb54540000 - 0x00007ffb54617000 	C:\WINDOWS\System32\OLEAUT32.dll
0x00007ffb2ab70000 - 0x00007ffb2abac000 	C:\WINDOWS\SYSTEM32\dbgcore.DLL
0x00007ffb52310000 - 0x00007ffb523b5000 	C:\WINDOWS\System32\bcryptPrimitives.dll
0x00007ffb2fb20000 - 0x00007ffb2fb2f000 	C:\Program Files\Java\jdk-21\bin\instrument.dll
0x00007ffb339c0000 - 0x00007ffb339df000 	C:\Program Files\Java\jdk-21\bin\java.dll
0x00007ffb53160000 - 0x00007ffb538af000 	C:\WINDOWS\System32\SHELL32.dll
0x00007ffb52df0000 - 0x00007ffb52f5b000 	C:\WINDOWS\System32\wintypes.dll
0x00007ffb4ff30000 - 0x00007ffb5078d000 	C:\WINDOWS\SYSTEM32\windows.storage.dll
0x00007ffb53ac0000 - 0x00007ffb53bb2000 	C:\WINDOWS\System32\SHCORE.dll
0x00007ffb54ab0000 - 0x00007ffb54b17000 	C:\WINDOWS\System32\shlwapi.dll
0x00007ffb52230000 - 0x00007ffb52259000 	C:\WINDOWS\SYSTEM32\profapi.dll
0x00007ffae7690000 - 0x00007ffae7767000 	C:\Program Files\Java\jdk-21\bin\jsvml.dll
0x00007ffb33120000 - 0x00007ffb33138000 	C:\Program Files\Java\jdk-21\bin\zip.dll
0x00007ffb377c0000 - 0x00007ffb377d0000 	C:\Program Files\Java\jdk-21\bin\net.dll
0x00007ffb41800000 - 0x00007ffb41928000 	C:\WINDOWS\SYSTEM32\WINHTTP.dll
0x00007ffb51640000 - 0x00007ffb516ab000 	C:\WINDOWS\system32\mswsock.dll
0x00007ffb338f0000 - 0x00007ffb33906000 	C:\Program Files\Java\jdk-21\bin\nio.dll
0x00007ffb339b0000 - 0x00007ffb339c0000 	C:\Program Files\Java\jdk-21\bin\verify.dll
0x00007ffb38920000 - 0x00007ffb38947000 	C:\Users\hp\.gradle\native\1def1411415f61bf3af743bc5b6707747c0891f09f0c88961ee8f79bc544acac\windows-amd64\native-platform.dll
0x00007ffae7610000 - 0x00007ffae7688000 	C:\Users\hp\.gradle\native\0.2.7\x86_64-windows-gnu\gradle-fileevents.dll
0x00007ffb338e0000 - 0x00007ffb338ea000 	C:\Program Files\Java\jdk-21\bin\management.dll
0x00007ffb33290000 - 0x00007ffb3329b000 	C:\Program Files\Java\jdk-21\bin\management_ext.dll
0x00007ffb542e0000 - 0x00007ffb542e8000 	C:\WINDOWS\System32\PSAPI.DLL
0x00007ffb50c10000 - 0x00007ffb50c44000 	C:\WINDOWS\SYSTEM32\IPHLPAPI.DLL
0x00007ffb55110000 - 0x00007ffb5511a000 	C:\WINDOWS\System32\NSI.dll
0x00007ffb2fb30000 - 0x00007ffb2fb39000 	C:\Program Files\Java\jdk-21\bin\extnet.dll
0x00007ffb51900000 - 0x00007ffb5191b000 	C:\WINDOWS\SYSTEM32\CRYPTSP.dll
0x00007ffb51030000 - 0x00007ffb5106a000 	C:\WINDOWS\system32\rsaenh.dll
0x00007ffb516f0000 - 0x00007ffb5171b000 	C:\WINDOWS\SYSTEM32\USERENV.dll
0x00007ffb52200000 - 0x00007ffb5222a000 	C:\WINDOWS\SYSTEM32\bcrypt.dll
0x00007ffb51920000 - 0x00007ffb5192c000 	C:\WINDOWS\SYSTEM32\CRYPTBASE.dll
0x00007ffb4a700000 - 0x00007ffb4a70e000 	C:\Program Files\Java\jdk-21\bin\sunmscapi.dll
0x00007ffb523c0000 - 0x00007ffb52537000 	C:\WINDOWS\System32\CRYPT32.dll
0x00007ffb51b20000 - 0x00007ffb51b50000 	C:\WINDOWS\SYSTEM32\ncrypt.dll
0x00007ffb51ad0000 - 0x00007ffb51b0f000 	C:\WINDOWS\SYSTEM32\NTASN1.dll
0x00007ffb25470000 - 0x00007ffb25478000 	C:\WINDOWS\system32\wshunix.dll
0x00007ffb2cc80000 - 0x00007ffb2ccc1000 	C:\Users\hp\AppData\Local\Temp\jna-3336\jna9792239200456030246.dll
0x0000027434f90000 - 0x0000027434f93000 	C:\WINDOWS\SYSTEM32\Security.dll
0x00007ffb40c20000 - 0x00007ffb40c38000 	C:\WINDOWS\system32\napinsp.dll
0x00007ffb50c50000 - 0x00007ffb50d7c000 	C:\WINDOWS\SYSTEM32\DNSAPI.dll
0x00007ffb41000000 - 0x00007ffb41012000 	C:\WINDOWS\System32\winrnr.dll
0x00007ffaec930000 - 0x00007ffaec952000 	C:\WINDOWS\system32\nlansp_c.dll
0x00007ffb410d0000 - 0x00007ffb410e6000 	C:\WINDOWS\system32\wshbth.dll
0x00007ffb41970000 - 0x00007ffb4197b000 	C:\Windows\System32\rasadhlp.dll
0x00007ffb49ab0000 - 0x00007ffb49b36000 	C:\WINDOWS\System32\fwpuclnt.dll

dbghelp: loaded successfully - version: 4.0.5 - missing functions: none
symbol engine: initialized successfully - sym options: 0x614 - pdb path: .;C:\Program Files\Java\jdk-21\bin;C:\WINDOWS\SYSTEM32;C:\WINDOWS\WinSxS\amd64_microsoft.windows.common-controls_6595b64144ccf1df_6.0.26100.7019_none_3e06ffa0e335b8a8;C:\Program Files\Java\jdk-21\bin\server;C:\Users\hp\.gradle\native\1def1411415f61bf3af743bc5b6707747c0891f09f0c88961ee8f79bc544acac\windows-amd64;C:\Users\hp\.gradle\native\0.2.7\x86_64-windows-gnu;C:\Users\hp\AppData\Local\Temp\jna-3336

VM Arguments:
jvm_args: --add-opens=java.base/java.lang=ALL-UNNAMED --add-opens=java.base/java.lang.invoke=ALL-UNNAMED --add-opens=java.base/java.util=ALL-UNNAMED --add-opens=java.prefs/java.util.prefs=ALL-UNNAMED --add-exports=jdk.compiler/com.sun.tools.javac.api=ALL-UNNAMED --add-exports=jdk.compiler/com.sun.tools.javac.util=ALL-UNNAMED --add-opens=java.base/java.util=ALL-UNNAMED --add-opens=java.prefs/java.util.prefs=ALL-UNNAMED --add-opens=java.base/java.nio.charset=ALL-UNNAMED --add-opens=java.base/java.net=ALL-UNNAMED --add-opens=java.base/java.util.concurrent.atomic=ALL-UNNAMED --add-opens=java.xml/javax.xml.namespace=ALL-UNNAMED -XX:MaxMetaspaceSize=512m -XX:+UseParallelGC --add-exports=jdk.compiler/com.sun.tools.javac.api=ALL-UNNAMED --add-exports=jdk.compiler/com.sun.tools.javac.file=ALL-UNNAMED --add-exports=jdk.compiler/com.sun.tools.javac.parser=ALL-UNNAMED --add-exports=jdk.compiler/com.sun.tools.javac.tree=ALL-UNNAMED --add-exports=jdk.compiler/com.sun.tools.javac.util=ALL-UNNAMED --add-exports=java.naming/com.sun.jndi.ldap=ALL-UNNAMED --add-opens=java.base/java.lang=ALL-UNNAMED --add-opens=java.base/java.lang.invoke=ALL-UNNAMED --add-opens=java.base/java.io=ALL-UNNAMED --add-opens=java.base/java.security=ALL-UNNAMED --add-opens=java.base/java.util=ALL-UNNAMED --add-opens=java.management/javax.management=ALL-UNNAMED --add-opens=java.naming/javax.naming=ALL-UNNAMED --add-opens=java.rmi/sun.rmi.transport=ALL-UNNAMED -Xms1g -Xmx2g -Dfile.encoding=UTF-8 -Duser.country=IN -Duser.language=en -Duser.variant -javaagent:C:\Users\hp\.gradle\wrapper\dists\gradle-8.14.3-bin\cv11ve7ro1n3o1j4so8xd9n66\gradle-8.14.3\lib\agents\gradle-instrumentation-agent-8.14.3.jar 
java_command: org.gradle.launcher.daemon.bootstrap.GradleDaemon 8.14.3
java_class_path (initial): C:\Users\hp\.gradle\wrapper\dists\gradle-8.14.3-bin\cv11ve7ro1n3o1j4so8xd9n66\gradle-8.14.3\lib\gradle-daemon-main-8.14.3.jar
Launcher Type: SUN_STANDARD

[Global flags]
     intx CICompilerCount                          = 4                                         {product} {ergonomic}
   size_t CompressedClassSpaceSize                 = 436207616                                 {product} {ergonomic}
   size_t InitialHeapSize                          = 1073741824                                {product} {command line}
   size_t MaxHeapSize                              = 2147483648                                {product} {command line}
   size_t MaxMetaspaceSize                         = 536870912                                 {product} {command line}
   size_t MaxNewSize                               = 715653120                                 {product} {ergonomic}
   size_t MinHeapDeltaBytes                        = 524288                                    {product} {ergonomic}
   size_t MinHeapSize                              = 1073741824                                {product} {command line}
   size_t NewSize                                  = 357564416                                 {product} {ergonomic}
    uintx NonNMethodCodeHeapSize                   = 5839372                                {pd product} {ergonomic}
    uintx NonProfiledCodeHeapSize                  = 122909434                              {pd product} {ergonomic}
   size_t OldSize                                  = 716177408                                 {product} {ergonomic}
    uintx ProfiledCodeHeapSize                     = 122909434                              {pd product} {ergonomic}
    uintx ReservedCodeCacheSize                    = 251658240                              {pd product} {ergonomic}
     bool SegmentedCodeCache                       = true                                      {product} {ergonomic}
   size_t SoftMaxHeapSize                          = 2147483648                             {manageable} {ergonomic}
     bool UseCompressedOops                        = true                           {product lp64_product} {ergonomic}
     bool UseLargePagesIndividualAllocation        = false                                  {pd product} {ergonomic}
     bool UseParallelGC                            = true                                      {product} {command line}

Logging:
Log output configuration:
 #0: stdout all=warning uptime,level,tags foldmultilines=false
 #1: stderr all=off uptime,level,tags foldmultilines=false

Environment Variables:
JAVA_HOME=C:\Program Files\Java\jdk-21
CLASSPATH=D:\program_data\Fineract\Fineract-without-loan\\gradle\wrapper\gradle-wrapper.jar
PATH=c:\\Users\\hp\\.trae\\sdks\\workspaces\\f265b325\\versions\\node\\current;c:\\Users\\hp\\.trae\\sdks\\versions\\node\\current;c:\Users\hp\.trae\sdks\workspaces\f265b325\versions\node\current;c:\Users\hp\.trae\sdks\versions\node\current;C:\Program Files\Python313\Scripts\;C:\Program Files\Python313\;C:\Program Files\Common Files\Oracle\Java\javapath;C:\Program Files\Java\jdk-21\bin;C:\Program Files\MariaDB 12.0\bin;C:\Program Files\nodejs;C:\WINDOWS\system32;C:\WINDOWS;C:\WINDOWS\System32\Wbem;C:\WINDOWS\System32\WindowsPowerShell\v1.0\;C:\WINDOWS\System32\OpenSSH\;C:\ProgramData\chocolatey\bin;C:\MinGW\bin;C:\Program Files\Git\cmd;C:\Users\hp\Downloads\apache-maven-3.9.9-bin\apache-maven-3.9.9\bin;C:\Program Files\nodejs\;C:\xampp\php;C:\ProgramData\ComposerSetup\bin;C:\Users\hp\Downloads\gradle-9.0.0-bin\gradle-9.0.0\bin;C:\Users\hp\Downloads\flutter\bin;;C:\Program Files\Docker\Docker\resources\bin;C:\Users\hp\AppData\Local\Microsoft\WindowsApps;C:\Program Files\JetBrains\IntelliJ IDEA Community Edition 2024.2.1\bin;;C:\Program Files\heroku\bin;C:\Users\hp\AppData\Roaming\npm;C:\Users\hp\AppData\Roaming\Composer\vendor\bin;C:\tools\dart-sdk\bin;C:\Users\hp\AppData\Local\Pub\Cache\bin;D:\program_data\intellig\bin;D:\program_data\Antigravity\bin;c:\Users\hp\.trae\extensions\vscjava.vscode-java-debug-0.58.3-universal\bundled\scripts\noConfigScripts
USERNAME=hp
LANG=en_US.UTF-8
OS=Windows_NT
PROCESSOR_IDENTIFIER=Intel64 Family 6 Model 154 Stepping 4, GenuineIntel
TMP=C:\Users\hp\AppData\Local\Temp
TEMP=C:\Users\hp\AppData\Local\Temp




Periodic native trim disabled

---------------  S Y S T E M  ---------------

OS:
 Windows 11 , 64 bit Build 26100 (10.0.26100.7019)
OS uptime: 2 days 9:18 hours
Hyper-V role detected

CPU: total 8 (initial active 8) (4 cores per cpu, 2 threads per core) family 6 model 154 stepping 4 microcode 0x42c, cx8, cmov, fxsr, ht, mmx, 3dnowpref, sse, sse2, sse3, ssse3, sse4.1, sse4.2, popcnt, lzcnt, tsc, tscinvbit, avx, avx2, aes, erms, clmul, bmi1, bmi2, adx, sha, fma, vzeroupper, clflush, clflushopt, clwb, hv, serialize, rdtscp, rdpid, fsrm, f16c, cet_ibt, cet_ss
Processor Information for processor 0
  Max Mhz: 1200, Current Mhz: 1200, Mhz Limit: 1200
Processor Information for processor 1
  Max Mhz: 1200, Current Mhz: 1200, Mhz Limit: 1200
Processor Information for processor 2
  Max Mhz: 1200, Current Mhz: 1200, Mhz Limit: 1200
Processor Information for processor 3
  Max Mhz: 1200, Current Mhz: 1200, Mhz Limit: 1200
Processor Information for processor 4
  Max Mhz: 1200, Current Mhz: 900, Mhz Limit: 900
Processor Information for processor 5
  Max Mhz: 1200, Current Mhz: 900, Mhz Limit: 900
Processor Information for processor 6
  Max Mhz: 1200, Current Mhz: 900, Mhz Limit: 900
Processor Information for processor 7
  Max Mhz: 1200, Current Mhz: 900, Mhz Limit: 900

Memory: 4k page, system-wide physical 7863M (230M free)
TotalPageFile size 32439M (AvailPageFile size 55M)
current process WorkingSet (physical memory assigned to process): 1692M, peak: 1998M
current process commit charge ("private bytes"): 2525M, peak: 2534M

vm_info: Java HotSpot(TM) 64-Bit Server VM (21.0.8+12-LTS-250) for windows-amd64 JRE (21.0.8+12-LTS-250), built on 2025-06-27T08:11:22Z by "mach5one" with MS VC++ 17.6 (VS2022)

END.
